# JRE version: OpenJDK Runtime Environment (8.0_382-b05) (build 1.8.0_382-b05)
# Java VM: OpenJDK 64-Bit Server VM (25.382-b05 mixed mode windows-amd64 compressed oops)
Heap:
 PSYoungGen      total 75776K, used 16524K [0x000000076bb80000, 0x0000000774f80000, 0x00000007c0000000)
  eden space 65024K, 25% used [0x000000076bb80000,0x000000076cba3178,0x000000076fb00000)
  from space 10752K, 0% used [0x0000000770580000,0x0000000770580000,0x0000000771000000)
  to   space 10752K, 0% used [0x000000076fb00000,0x000000076fb00000,0x0000000770580000)
 ParOldGen       total 109056K, used 9030K [0x00000006c3200000, 0x00000006c9c80000, 0x000000076bb80000)
  object space 109056K, 8% used [0x00000006c3200000,0x00000006c3ad1b90,0x00000006c9c80000)
 Metaspace       used 20814K, capacity 22128K, committed 22400K, reserved 1069056K
  class space    used 2838K, capacity 3153K, committed 3200K, reserved 1048576K
GC Heap History (6 events):
Event: 1.182 GC heap before
{Heap before GC invocations=1 (full 0):
 PSYoungGen      total 75776K, used 65024K [0x000000076bb80000, 0x0000000771000000, 0x00000007c0000000)
  eden space 65024K, 100% used [0x000000076bb80000,0x000000076fb00000,0x000000076fb00000)
  from space 10752K, 0% used [0x0000000770580000,0x0000000770580000,0x0000000771000000)
  to   space 10752K, 0% used [0x000000076fb00000,0x000000076fb00000,0x0000000770580000)
 ParOldGen       total 173568K, used 0K [0x00000006c3200000, 0x00000006cdb80000, 0x000000076bb80000)
  object space 173568K, 0% used [0x00000006c3200000,0x00000006c3200000,0x00000006cdb80000)
 Metaspace       used 16392K, capacity 17092K, committed 17280K, reserved 1064960K
  class space    used 2143K, capacity 2308K, committed 2432K, reserved 1048576K
Event: 1.189 GC heap after
Heap after GC invocations=1 (full 0):
 PSYoungGen      total 75776K, used 9517K [0x000000076bb80000, 0x0000000771000000, 0x00000007c0000000)
  eden space 65024K, 0% used [0x000000076bb80000,0x000000076bb80000,0x000000076fb00000)
  from space 10752K, 88% used [0x000000076fb00000,0x000000077044b720,0x0000000770580000)
  to   space 10752K, 0% used [0x0000000770580000,0x0000000770580000,0x0000000771000000)
 ParOldGen       total 173568K, used 88K [0x00000006c3200000, 0x00000006cdb80000, 0x000000076bb80000)
  object space 173568K, 0% used [0x00000006c3200000,0x00000006c3216010,0x00000006cdb80000)
 Metaspace       used 16392K, capacity 17092K, committed 17280K, reserved 1064960K
  class space    used 2143K, capacity 2308K, committed 2432K, reserved 1048576K
}
Event: 1.571 GC heap before
{Heap before GC invocations=2 (full 0):
 PSYoungGen      total 75776K, used 51534K [0x000000076bb80000, 0x0000000771000000, 0x00000007c0000000)
  eden space 65024K, 64% used [0x000000076bb80000,0x000000076e4881d8,0x000000076fb00000)
  from space 10752K, 88% used [0x000000076fb00000,0x000000077044b720,0x0000000770580000)
  to   space 10752K, 0% used [0x0000000770580000,0x0000000770580000,0x0000000771000000)
 ParOldGen       total 173568K, used 88K [0x00000006c3200000, 0x00000006cdb80000, 0x000000076bb80000)
  object space 173568K, 0% used [0x00000006c3200000,0x00000006c3216010,0x00000006cdb80000)
 Metaspace       used 20059K, capacity 21210K, committed 21296K, reserved 1067008K
  class space    used 2708K, capacity 2928K, committed 2944K, reserved 1048576K
Event: 1.578 GC heap after
Heap after GC invocations=2 (full 0):
 PSYoungGen      total 75776K, used 9304K [0x000000076bb80000, 0x0000000774f80000, 0x00000007c0000000)
  eden space 65024K, 0% used [0x000000076bb80000,0x000000076bb80000,0x000000076fb00000)
  from space 10752K, 86% used [0x0000000770580000,0x0000000770e96370,0x0000000771000000)
  to   space 10752K, 0% used [0x000000076fb00000,0x000000076fb00000,0x0000000770580000)
 ParOldGen       total 173568K, used 104K [0x00000006c3200000, 0x00000006cdb80000, 0x000000076bb80000)
  object space 173568K, 0% used [0x00000006c3200000,0x00000006c321a010,0x00000006cdb80000)
 Metaspace       used 20059K, capacity 21210K, committed 21296K, reserved 1067008K
  class space    used 2708K, capacity 2928K, committed 2944K, reserved 1048576K
}
Event: 1.578 GC heap before
{Heap before GC invocations=3 (full 1):
 PSYoungGen      total 75776K, used 9304K [0x000000076bb80000, 0x0000000774f80000, 0x00000007c0000000)
  eden space 65024K, 0% used [0x000000076bb80000,0x000000076bb80000,0x000000076fb00000)
  from space 10752K, 86% used [0x0000000770580000,0x0000000770e96370,0x0000000771000000)
  to   space 10752K, 0% used [0x000000076fb00000,0x000000076fb00000,0x0000000770580000)
 ParOldGen       total 173568K, used 104K [0x00000006c3200000, 0x00000006cdb80000, 0x000000076bb80000)
  object space 173568K, 0% used [0x00000006c3200000,0x00000006c321a010,0x00000006cdb80000)
 Metaspace       used 20059K, capacity 21210K, committed 21296K, reserved 1067008K
  class space    used 2708K, capacity 2928K, committed 2944K, reserved 1048576K
Event: 1.597 GC heap after
Heap after GC invocations=3 (full 1):
 PSYoungGen      total 75776K, used 0K [0x000000076bb80000, 0x0000000774f80000, 0x00000007c0000000)
  eden space 65024K, 0% used [0x000000076bb80000,0x000000076bb80000,0x000000076fb00000)
  from space 10752K, 0% used [0x0000000770580000,0x0000000770580000,0x0000000771000000)
  to   space 10752K, 0% used [0x000000076fb00000,0x000000076fb00000,0x0000000770580000)
 ParOldGen       total 109056K, used 9030K [0x00000006c3200000, 0x00000006c9c80000, 0x000000076bb80000)
  object space 109056K, 8% used [0x00000006c3200000,0x00000006c3ad1b90,0x00000006c9c80000)
 Metaspace       used 20059K, capacity 21210K, committed 21296K, reserved 1067008K
  class space    used 2708K, capacity 2928K, committed 2944K, reserved 1048576K
}

