# JRE version: OpenJDK Runtime Environment (8.0_382-b05) (build 1.8.0_382-b05)
# Java VM: OpenJDK 64-Bit Server VM (25.382-b05 mixed mode windows-amd64 compressed oops)
Heap:
 PSYoungGen      total 75776K, used 18482K [0x000000076bb80000, 0x0000000774f80000, 0x00000007c0000000)
  eden space 65024K, 28% used [0x000000076bb80000,0x000000076cd8cbe8,0x000000076fb00000)
  from space 10752K, 0% used [0x0000000770580000,0x0000000770580000,0x0000000771000000)
  to   space 10752K, 0% used [0x000000076fb00000,0x000000076fb00000,0x0000000770580000)
 ParOldGen       total 110080K, used 9327K [0x00000006c3200000, 0x00000006c9d80000, 0x000000076bb80000)
  object space 110080K, 8% used [0x00000006c3200000,0x00000006c3b1bfe8,0x00000006c9d80000)
 Metaspace       used 20847K, capacity 22200K, committed 22400K, reserved 1069056K
  class space    used 2839K, capacity 3153K, committed 3200K, reserved 1048576K
GC Heap History (6 events):
Event: 1.056 GC heap before
{Heap before GC invocations=1 (full 0):
 PSYoungGen      total 75776K, used 65024K [0x000000076bb80000, 0x0000000771000000, 0x00000007c0000000)
  eden space 65024K, 100% used [0x000000076bb80000,0x000000076fb00000,0x000000076fb00000)
  from space 10752K, 0% used [0x0000000770580000,0x0000000770580000,0x0000000771000000)
  to   space 10752K, 0% used [0x000000076fb00000,0x000000076fb00000,0x0000000770580000)
 ParOldGen       total 173568K, used 0K [0x00000006c3200000, 0x00000006cdb80000, 0x000000076bb80000)
  object space 173568K, 0% used [0x00000006c3200000,0x00000006c3200000,0x00000006cdb80000)
 Metaspace       used 16419K, capacity 17100K, committed 17280K, reserved 1064960K
  class space    used 2141K, capacity 2308K, committed 2432K, reserved 1048576K
Event: 1.062 GC heap after
Heap after GC invocations=1 (full 0):
 PSYoungGen      total 75776K, used 9456K [0x000000076bb80000, 0x0000000771000000, 0x00000007c0000000)
  eden space 65024K, 0% used [0x000000076bb80000,0x000000076bb80000,0x000000076fb00000)
  from space 10752K, 87% used [0x000000076fb00000,0x000000077043c0f8,0x0000000770580000)
  to   space 10752K, 0% used [0x0000000770580000,0x0000000770580000,0x0000000771000000)
 ParOldGen       total 173568K, used 88K [0x00000006c3200000, 0x00000006cdb80000, 0x000000076bb80000)
  object space 173568K, 0% used [0x00000006c3200000,0x00000006c3216010,0x00000006cdb80000)
 Metaspace       used 16419K, capacity 17100K, committed 17280K, reserved 1064960K
  class space    used 2141K, capacity 2308K, committed 2432K, reserved 1048576K
}
Event: 1.436 GC heap before
{Heap before GC invocations=2 (full 0):
 PSYoungGen      total 75776K, used 51936K [0x000000076bb80000, 0x0000000771000000, 0x00000007c0000000)
  eden space 65024K, 65% used [0x000000076bb80000,0x000000076e4fbf80,0x000000076fb00000)
  from space 10752K, 87% used [0x000000076fb00000,0x000000077043c0f8,0x0000000770580000)
  to   space 10752K, 0% used [0x0000000770580000,0x0000000770580000,0x0000000771000000)
 ParOldGen       total 173568K, used 88K [0x00000006c3200000, 0x00000006cdb80000, 0x000000076bb80000)
  object space 173568K, 0% used [0x00000006c3200000,0x00000006c3216010,0x00000006cdb80000)
 Metaspace       used 20156K, capacity 21278K, committed 21296K, reserved 1067008K
  class space    used 2720K, capacity 2942K, committed 2944K, reserved 1048576K
Event: 1.442 GC heap after
Heap after GC invocations=2 (full 0):
 PSYoungGen      total 75776K, used 9581K [0x000000076bb80000, 0x0000000774f80000, 0x00000007c0000000)
  eden space 65024K, 0% used [0x000000076bb80000,0x000000076bb80000,0x000000076fb00000)
  from space 10752K, 89% used [0x0000000770580000,0x0000000770edb788,0x0000000771000000)
  to   space 10752K, 0% used [0x000000076fb00000,0x000000076fb00000,0x0000000770580000)
 ParOldGen       total 173568K, used 104K [0x00000006c3200000, 0x00000006cdb80000, 0x000000076bb80000)
  object space 173568K, 0% used [0x00000006c3200000,0x00000006c321a010,0x00000006cdb80000)
 Metaspace       used 20156K, capacity 21278K, committed 21296K, reserved 1067008K
  class space    used 2720K, capacity 2942K, committed 2944K, reserved 1048576K
}
Event: 1.442 GC heap before
{Heap before GC invocations=3 (full 1):
 PSYoungGen      total 75776K, used 9581K [0x000000076bb80000, 0x0000000774f80000, 0x00000007c0000000)
  eden space 65024K, 0% used [0x000000076bb80000,0x000000076bb80000,0x000000076fb00000)
  from space 10752K, 89% used [0x0000000770580000,0x0000000770edb788,0x0000000771000000)
  to   space 10752K, 0% used [0x000000076fb00000,0x000000076fb00000,0x0000000770580000)
 ParOldGen       total 173568K, used 104K [0x00000006c3200000, 0x00000006cdb80000, 0x000000076bb80000)
  object space 173568K, 0% used [0x00000006c3200000,0x00000006c321a010,0x00000006cdb80000)
 Metaspace       used 20156K, capacity 21278K, committed 21296K, reserved 1067008K
  class space    used 2720K, capacity 2942K, committed 2944K, reserved 1048576K
Event: 1.459 GC heap after
Heap after GC invocations=3 (full 1):
 PSYoungGen      total 75776K, used 0K [0x000000076bb80000, 0x0000000774f80000, 0x00000007c0000000)
  eden space 65024K, 0% used [0x000000076bb80000,0x000000076bb80000,0x000000076fb00000)
  from space 10752K, 0% used [0x0000000770580000,0x0000000770580000,0x0000000771000000)
  to   space 10752K, 0% used [0x000000076fb00000,0x000000076fb00000,0x0000000770580000)
 ParOldGen       total 110080K, used 9327K [0x00000006c3200000, 0x00000006c9d80000, 0x000000076bb80000)
  object space 110080K, 8% used [0x00000006c3200000,0x00000006c3b1bfe8,0x00000006c9d80000)
 Metaspace       used 20156K, capacity 21278K, committed 21296K, reserved 1067008K
  class space    used 2720K, capacity 2942K, committed 2944K, reserved 1048576K
}

