# JRE version: OpenJDK Runtime Environment (8.0_382-b05) (build 1.8.0_382-b05)
# Java VM: OpenJDK 64-Bit Server VM (25.382-b05 mixed mode windows-amd64 compressed oops)
Heap:
 PSYoungGen      total 75776K, used 18047K [0x000000076bb80000, 0x0000000774f80000, 0x00000007c0000000)
  eden space 65024K, 27% used [0x000000076bb80000,0x000000076cd1fc88,0x000000076fb00000)
  from space 10752K, 0% used [0x0000000770580000,0x0000000770580000,0x0000000771000000)
  to   space 10752K, 0% used [0x000000076fb00000,0x000000076fb00000,0x0000000770580000)
 ParOldGen       total 110080K, used 9364K [0x00000006c3200000, 0x00000006c9d80000, 0x000000076bb80000)
  object space 110080K, 8% used [0x00000006c3200000,0x00000006c3b25010,0x00000006c9d80000)
 Metaspace       used 20850K, capacity 22201K, committed 22400K, reserved 1069056K
  class space    used 2840K, capacity 3154K, committed 3200K, reserved 1048576K
GC Heap History (6 events):
Event: 1.135 GC heap before
{Heap before GC invocations=1 (full 0):
 PSYoungGen      total 75776K, used 65024K [0x000000076bb80000, 0x0000000771000000, 0x00000007c0000000)
  eden space 65024K, 100% used [0x000000076bb80000,0x000000076fb00000,0x000000076fb00000)
  from space 10752K, 0% used [0x0000000770580000,0x0000000770580000,0x0000000771000000)
  to   space 10752K, 0% used [0x000000076fb00000,0x000000076fb00000,0x0000000770580000)
 ParOldGen       total 173568K, used 0K [0x00000006c3200000, 0x00000006cdb80000, 0x000000076bb80000)
  object space 173568K, 0% used [0x00000006c3200000,0x00000006c3200000,0x00000006cdb80000)
 Metaspace       used 16410K, capacity 17100K, committed 17280K, reserved 1064960K
  class space    used 2139K, capacity 2308K, committed 2432K, reserved 1048576K
Event: 1.141 GC heap after
Heap after GC invocations=1 (full 0):
 PSYoungGen      total 75776K, used 9406K [0x000000076bb80000, 0x0000000771000000, 0x00000007c0000000)
  eden space 65024K, 0% used [0x000000076bb80000,0x000000076bb80000,0x000000076fb00000)
  from space 10752K, 87% used [0x000000076fb00000,0x000000077042f8b0,0x0000000770580000)
  to   space 10752K, 0% used [0x0000000770580000,0x0000000770580000,0x0000000771000000)
 ParOldGen       total 173568K, used 88K [0x00000006c3200000, 0x00000006cdb80000, 0x000000076bb80000)
  object space 173568K, 0% used [0x00000006c3200000,0x00000006c3216010,0x00000006cdb80000)
 Metaspace       used 16410K, capacity 17100K, committed 17280K, reserved 1064960K
  class space    used 2139K, capacity 2308K, committed 2432K, reserved 1048576K
}
Event: 1.514 GC heap before
{Heap before GC invocations=2 (full 0):
 PSYoungGen      total 75776K, used 51868K [0x000000076bb80000, 0x0000000771000000, 0x00000007c0000000)
  eden space 65024K, 65% used [0x000000076bb80000,0x000000076e4f7860,0x000000076fb00000)
  from space 10752K, 87% used [0x000000076fb00000,0x000000077042f8b0,0x0000000770580000)
  to   space 10752K, 0% used [0x0000000770580000,0x0000000770580000,0x0000000771000000)
 ParOldGen       total 173568K, used 88K [0x00000006c3200000, 0x00000006cdb80000, 0x000000076bb80000)
  object space 173568K, 0% used [0x00000006c3200000,0x00000006c3216010,0x00000006cdb80000)
 Metaspace       used 20165K, capacity 21283K, committed 21296K, reserved 1067008K
  class space    used 2722K, capacity 2944K, committed 2944K, reserved 1048576K
Event: 1.520 GC heap after
Heap after GC invocations=2 (full 0):
 PSYoungGen      total 75776K, used 9668K [0x000000076bb80000, 0x0000000774f80000, 0x00000007c0000000)
  eden space 65024K, 0% used [0x000000076bb80000,0x000000076bb80000,0x000000076fb00000)
  from space 10752K, 89% used [0x0000000770580000,0x0000000770ef1030,0x0000000771000000)
  to   space 10752K, 0% used [0x000000076fb00000,0x000000076fb00000,0x0000000770580000)
 ParOldGen       total 173568K, used 104K [0x00000006c3200000, 0x00000006cdb80000, 0x000000076bb80000)
  object space 173568K, 0% used [0x00000006c3200000,0x00000006c321a010,0x00000006cdb80000)
 Metaspace       used 20165K, capacity 21283K, committed 21296K, reserved 1067008K
  class space    used 2722K, capacity 2944K, committed 2944K, reserved 1048576K
}
Event: 1.520 GC heap before
{Heap before GC invocations=3 (full 1):
 PSYoungGen      total 75776K, used 9668K [0x000000076bb80000, 0x0000000774f80000, 0x00000007c0000000)
  eden space 65024K, 0% used [0x000000076bb80000,0x000000076bb80000,0x000000076fb00000)
  from space 10752K, 89% used [0x0000000770580000,0x0000000770ef1030,0x0000000771000000)
  to   space 10752K, 0% used [0x000000076fb00000,0x000000076fb00000,0x0000000770580000)
 ParOldGen       total 173568K, used 104K [0x00000006c3200000, 0x00000006cdb80000, 0x000000076bb80000)
  object space 173568K, 0% used [0x00000006c3200000,0x00000006c321a010,0x00000006cdb80000)
 Metaspace       used 20165K, capacity 21283K, committed 21296K, reserved 1067008K
  class space    used 2722K, capacity 2944K, committed 2944K, reserved 1048576K
Event: 1.539 GC heap after
Heap after GC invocations=3 (full 1):
 PSYoungGen      total 75776K, used 0K [0x000000076bb80000, 0x0000000774f80000, 0x00000007c0000000)
  eden space 65024K, 0% used [0x000000076bb80000,0x000000076bb80000,0x000000076fb00000)
  from space 10752K, 0% used [0x0000000770580000,0x0000000770580000,0x0000000771000000)
  to   space 10752K, 0% used [0x000000076fb00000,0x000000076fb00000,0x0000000770580000)
 ParOldGen       total 110080K, used 9364K [0x00000006c3200000, 0x00000006c9d80000, 0x000000076bb80000)
  object space 110080K, 8% used [0x00000006c3200000,0x00000006c3b25010,0x00000006c9d80000)
 Metaspace       used 20165K, capacity 21283K, committed 21296K, reserved 1067008K
  class space    used 2722K, capacity 2944K, committed 2944K, reserved 1048576K
}

